################################################################################
# Learning curves for energies and forces.
################################################################################
# Col  Name             Description
################################################################################
# 1    epoch            Current epoch.
# 2    RMSEpa_Etrain_pu RMSE of training energies per atom (physical units)
# 3    RMSEpa_Etest_pu  RMSE of test energies per atom (physical units)
# 4    RMSE_Etrain_pu   RMSE of training energies (physical units)
# 5    RMSE_Etest_pu    RMSE of test energies (physical units)
# 6    MAEpa_Etrain_pu  MAE of training energies per atom (physical units)
# 7    MAEpa_Etest_pu   MAE of test energies per atom (physical units)
# 8    MAE_Etrain_pu    MAE of training energies (physical units)
# 9    MAE_Etest_pu     MAE of test energies (physical units)
# 10   RMSE_Ftrain_pu   RMSE of training forces (physical units)
# 11   RMSE_Ftest_pu    RMSE of test forces (physical units)
# 12   MAE_Ftrain_pu    MAE of training forces (physical units)
# 13   MAE_Ftest_pu     MAE of test forces (physical units)
# 14   RMSEpa_Etrain_iu RMSE of training energies per atom (training units)
# 15   RMSEpa_Etest_iu  RMSE of test energies per atom (training units)
# 16   RMSE_Etrain_iu   RMSE of training energies (training units)
# 17   RMSE_Etest_iu    RMSE of test energies (training units)
# 18   MAEpa_Etrain_iu  MAE of training energies per atom (training units)
# 19   MAEpa_Etest_iu   MAE of test energies per atom (training units)
# 20   MAE_Etrain_iu    MAE of training energies (training units)
# 21   MAE_Etest_iu     MAE of test energies (training units)
# 22   RMSE_Ftrain_iu   RMSE of training forces (training units)
# 23   RMSE_Ftest_iu    RMSE of test forces (training units)
# 24   MAE_Ftrain_iu    MAE of training forces (training units)
# 25   MAE_Ftest_iu     MAE of test forces (training units)
##################################################################################################################################################################################################################################################################################################################################################################################################################################
#        1                2                3                4                5                6                7                8                9               10               11               12               13               14               15               16               17               18               19               20               21               22               23               24               25
#    epoch RMSEpa_Etrain_pu  RMSEpa_Etest_pu   RMSE_Etrain_pu    RMSE_Etest_pu  MAEpa_Etrain_pu   MAEpa_Etest_pu    MAE_Etrain_pu     MAE_Etest_pu   RMSE_Ftrain_pu    RMSE_Ftest_pu    MAE_Ftrain_pu     MAE_Ftest_pu RMSEpa_Etrain_iu  RMSEpa_Etest_iu   RMSE_Etrain_iu    RMSE_Etest_iu  MAEpa_Etrain_iu   MAEpa_Etest_iu    MAE_Etrain_iu     MAE_Etest_iu   RMSE_Ftrain_iu    RMSE_Ftest_iu    MAE_Ftrain_iu     MAE_Ftest_iu
##################################################################################################################################################################################################################################################################################################################################################################################################################################
         0   3.12093302E-01   3.09720809E-01   2.99609570E+01   2.97331977E+01   3.07950142E-01   3.05675014E-01   2.95632136E+01   2.93448014E+01   2.84191340E+00   2.85368695E+00   2.12501460E+00   2.12987563E+00   8.31689805E+00   8.25367406E+00   7.98422213E+02   7.92352710E+02   8.20648798E+00   8.14585866E+00   7.87822847E+02   7.82002431E+02   1.43175608E+00   1.43768759E+00   1.07058243E+00   1.07303142E+00
         1   6.03845838E-04   6.13689233E-04   5.79692005E-02   5.89141664E-02   4.31650469E-04   4.53012099E-04   4.14384450E-02   4.34891615E-02   1.49341438E-01   1.52909021E-01   1.06154140E-01   1.08791674E-01   1.60917400E-02   1.63540542E-02   1.54480704E+00   1.56998920E+00   1.15029477E-02   1.20722086E-02   1.10428298E+00   1.15893202E+00   7.52382220E-02   7.70355703E-02   5.34804599E-02   5.48092495E-02
         2   1.15584536E-03   1.20643091E-03   1.10961155E-01   1.15817367E-01   9.77486801E-04   1.00156534E-03   9.38387329E-02   9.61502726E-02   1.27657807E-01   1.30511006E-01   8.91716983E-02   9.12607571E-02   3.08018403E-02   3.21498821E-02   2.95697667E+00   3.08638868E+00   2.60488066E-02   2.66904697E-02   2.50068543E+00   2.56228509E+00   6.43140080E-02   6.57514495E-02   4.49247049E-02   4.59771728E-02
         3   2.66860930E-04   3.16741044E-04   2.56186493E-02   3.04071402E-02   1.97652386E-04   2.34852581E-04   1.89746291E-02   2.25458478E-02   1.31375866E-01   1.34152604E-01   9.13803573E-02   9.36561177E-02   7.11151164E-03   8.44075458E-03   6.82705117E-01   8.10312440E-01   5.26719007E-03   6.25852897E-03   5.05650247E-01   6.00818781E-01   6.61871661E-02   6.75860871E-02   4.60374274E-02   4.71839556E-02
         4   1.88831389E-04   2.43197091E-04   1.81278134E-02   2.33469208E-02   1.45787256E-04   1.81273607E-04   1.39955766E-02   1.74022662E-02   1.34479613E-01   1.37260696E-01   9.24250679E-02   9.49738384E-02   5.03212149E-03   6.48089978E-03   4.83083663E-01   6.22166379E-01   3.88504892E-03   4.83071599E-03   3.72964696E-01   4.63748735E-01   6.77508340E-02   6.91519438E-02   4.65637527E-02   4.78478233E-02
         5   1.57034155E-04   1.99524019E-04   1.50752789E-02   1.91543058E-02   1.21397423E-04   1.48329865E-04   1.16541526E-02   1.42396671E-02   1.36129600E-01   1.38691191E-01   9.32537868E-02   9.57148529E-02   4.18476478E-03   5.31706677E-03   4.01737419E-01   5.10438410E-01   3.23509023E-03   3.95280629E-03   3.10568662E-01   3.79469404E-01   6.85820977E-02   6.98726271E-02   4.69812613E-02   4.82211465E-02
         6   1.43465657E-04   1.90687476E-04   1.37727030E-02   1.83059977E-02   1.12165212E-04   1.46796466E-04   1.07678604E-02   1.40924608E-02   1.36532365E-01   1.39378530E-01   9.35983865E-02   9.61806931E-02   3.82318118E-03   5.08158390E-03   3.67025393E-01   4.87832054E-01   2.98906329E-03   3.91194311E-03   2.86950076E-01   3.75546539E-01   6.87850105E-02   7.02189085E-02   4.71548706E-02   4.84558368E-02
         7   1.30961565E-04   1.75076783E-04   1.25723103E-02   1.68073712E-02   1.02672663E-04   1.34457465E-04   9.85657562E-03   1.29079167E-02   1.36618279E-01   1.39493760E-01   9.36716479E-02   9.62705406E-02   3.48996271E-03   4.66557836E-03   3.35036420E-01   4.47895523E-01   2.73609867E-03   3.58312410E-03   2.62665472E-01   3.43979913E-01   6.88282941E-02   7.02769616E-02   4.71917797E-02   4.85011019E-02
         8   1.27831875E-04   1.71693764E-04   1.22718600E-02   1.64826014E-02   1.00640383E-04   1.30258612E-04   9.66147680E-03   1.25048268E-02   1.37115777E-01   1.39997269E-01   9.39528391E-02   9.65512248E-02   3.40656037E-03   4.57542512E-03   3.27029795E-01   4.39240811E-01   2.68194095E-03   3.47122989E-03   2.57466331E-01   3.33238070E-01   6.90789337E-02   7.05306292E-02   4.73334438E-02   4.86425107E-02
         9   1.28499252E-04   1.73118204E-04   1.23359282E-02   1.66193476E-02   1.00868206E-04   1.30607229E-04   9.68334775E-03   1.25382940E-02   1.37237207E-01   1.40169291E-01   9.41260123E-02   9.67699598E-02   3.42434512E-03   4.61338466E-03   3.28737131E-01   4.42884927E-01   2.68801213E-03   3.48052010E-03   2.58049165E-01   3.34129930E-01   6.91401101E-02   7.06172942E-02   4.74206885E-02   4.87527094E-02
        10   1.24553942E-04   1.68731547E-04   1.19571785E-02   1.61982285E-02   9.86427654E-05   1.30915570E-04   9.46970548E-03   1.25678947E-02   1.37444692E-01   1.40359666E-01   9.42225393E-02   9.68248599E-02   3.31920753E-03   4.49648570E-03   3.18643923E-01   4.31662627E-01   2.62870692E-03   3.48873700E-03   2.52355864E-01   3.34918752E-01   6.92446410E-02   7.07132047E-02   4.74693189E-02   4.87803680E-02
