################################################################################
# Learning curves for energies and forces.
################################################################################
# Col  Name             Description
################################################################################
# 1    epoch            Current epoch.
# 2    RMSEpa_Etrain_pu RMSE of training energies per atom (physical units)
# 3    RMSEpa_Etest_pu  RMSE of test energies per atom (physical units)
# 4    RMSE_Etrain_pu   RMSE of training energies (physical units)
# 5    RMSE_Etest_pu    RMSE of test energies (physical units)
# 6    MAEpa_Etrain_pu  MAE of training energies per atom (physical units)
# 7    MAEpa_Etest_pu   MAE of test energies per atom (physical units)
# 8    MAE_Etrain_pu    MAE of training energies (physical units)
# 9    MAE_Etest_pu     MAE of test energies (physical units)
# 10   RMSE_Ftrain_pu   RMSE of training forces (physical units)
# 11   RMSE_Ftest_pu    RMSE of test forces (physical units)
# 12   MAE_Ftrain_pu    MAE of training forces (physical units)
# 13   MAE_Ftest_pu     MAE of test forces (physical units)
# 14   RMSEpa_Etrain_iu RMSE of training energies per atom (training units)
# 15   RMSEpa_Etest_iu  RMSE of test energies per atom (training units)
# 16   RMSE_Etrain_iu   RMSE of training energies (training units)
# 17   RMSE_Etest_iu    RMSE of test energies (training units)
# 18   MAEpa_Etrain_iu  MAE of training energies per atom (training units)
# 19   MAEpa_Etest_iu   MAE of test energies per atom (training units)
# 20   MAE_Etrain_iu    MAE of training energies (training units)
# 21   MAE_Etest_iu     MAE of test energies (training units)
# 22   RMSE_Ftrain_iu   RMSE of training forces (training units)
# 23   RMSE_Ftest_iu    RMSE of test forces (training units)
# 24   MAE_Ftrain_iu    MAE of training forces (training units)
# 25   MAE_Ftest_iu     MAE of test forces (training units)
##################################################################################################################################################################################################################################################################################################################################################################################################################################
#        1                2                3                4                5                6                7                8                9               10               11               12               13               14               15               16               17               18               19               20               21               22               23               24               25
#    epoch RMSEpa_Etrain_pu  RMSEpa_Etest_pu   RMSE_Etrain_pu    RMSE_Etest_pu  MAEpa_Etrain_pu   MAEpa_Etest_pu    MAE_Etrain_pu     MAE_Etest_pu   RMSE_Ftrain_pu    RMSE_Ftest_pu    MAE_Ftrain_pu     MAE_Ftest_pu RMSEpa_Etrain_iu  RMSEpa_Etest_iu   RMSE_Etrain_iu    RMSE_Etest_iu  MAEpa_Etrain_iu   MAEpa_Etest_iu    MAE_Etrain_iu     MAE_Etest_iu   RMSE_Ftrain_iu    RMSE_Ftest_iu    MAE_Ftrain_iu     MAE_Ftest_iu
##################################################################################################################################################################################################################################################################################################################################################################################################################################
         0   5.71883796E-02   5.96753688E-02   5.49008445E+00   5.72883540E+00   4.71610315E-02   5.03958371E-02   4.52745902E+00   4.83800036E+00   2.17336614E+00   2.21247945E+00   1.63344115E+00   1.66282070E+00   1.54643820E+00   1.61368918E+00   1.48458067E+02   1.54914162E+02   1.27528741E+00   1.36276020E+00   1.22427591E+02   1.30824979E+02   1.09494194E+00   1.11464723E+00   8.22927715E-01   8.37729129E-01
         1   6.76259499E-04   8.20300231E-04   6.49209119E-02   7.87488221E-02   5.00412416E-04   6.12297741E-04   4.80395919E-02   5.87805831E-02   1.76836406E-01   1.80057340E-01   1.21826505E-01   1.25108309E-01   1.82868185E-02   2.21818421E-02   1.75553458E+00   2.12945685E+00   1.35317153E-02   1.65572205E-02   1.29904467E+00   1.58949317E+00   8.90901882E-02   9.07128945E-02   6.13761977E-02   6.30295706E-02
         2   4.59265262E-04   5.69691214E-04   4.40894651E-02   5.46903566E-02   3.41298237E-04   4.06621841E-04   3.27646307E-02   3.90356967E-02   1.48313704E-01   1.51200956E-01   1.04397669E-01   1.06954106E-01   1.24190499E-02   1.54050921E-02   1.19222879E+00   1.47888884E+00   9.22908873E-03   1.09955125E-02   8.85992518E-01   1.05556920E+00   7.47204498E-02   7.61750474E-02   5.25955497E-02   5.38834826E-02
         3   3.31296092E-04   3.98797855E-04   3.18044249E-02   3.82845941E-02   2.45227288E-04   2.88432743E-04   2.35418196E-02   2.76895433E-02   1.53090644E-01   1.55364135E-01   1.04787715E-01   1.07190360E-01   8.95861947E-03   1.07839432E-02   8.60027470E-01   1.03525854E+00   6.63122206E-03   7.79954622E-03   6.36597318E-01   7.48756438E-01   7.71270721E-02   7.82724570E-02   5.27920547E-02   5.40025072E-02
         4   2.23716235E-04   2.74331300E-04   2.14767586E-02   2.63358048E-02   1.72490222E-04   2.06456021E-04   1.65590613E-02   1.98197780E-02   1.58334197E-01   1.60657830E-01   1.08577965E-01   1.11058308E-01   6.04953898E-03   7.41822733E-03   5.80755742E-01   7.12149824E-01   4.66432988E-03   5.58280333E-03   4.47775668E-01   5.35949119E-01   7.97687742E-02   8.09394210E-02   5.47015827E-02   5.59511799E-02
         5   1.89015891E-04   2.49428450E-04   1.81455255E-02   2.39451312E-02   1.47938776E-04   1.92524031E-04   1.42021225E-02   1.84823070E-02   1.61500416E-01   1.63902709E-01   1.10589611E-01   1.13095555E-01   5.11120258E-03   6.74482621E-03   4.90675447E-01   6.47503316E-01   4.00043112E-03   5.20606664E-03   3.84041387E-01   4.99782397E-01   8.13639156E-02   8.25741908E-02   5.57150499E-02   5.69775446E-02
         6   1.80723650E-04   2.34151041E-04   1.73494704E-02   2.24784999E-02   1.42446908E-04   1.84137193E-04   1.36749032E-02   1.76771705E-02   1.62322115E-01   1.64897648E-01   1.11192757E-01   1.13784274E-01   4.88697105E-03   6.33170786E-03   4.69149221E-01   6.07843955E-01   3.85192483E-03   4.97927709E-03   3.69784784E-01   4.78010600E-01   8.17778874E-02   8.30754414E-02   5.60189150E-02   5.73245214E-02
         7   1.77154539E-04   2.30363162E-04   1.70068357E-02   2.21148636E-02   1.40391602E-04   1.83669442E-04   1.34775938E-02   1.76322664E-02   1.63856018E-01   1.66654186E-01   1.12280688E-01   1.14993392E-01   4.79045826E-03   6.22927936E-03   4.59883993E-01   5.98010818E-01   3.79634705E-03   4.96662857E-03   3.64449317E-01   4.76796343E-01   8.25506678E-02   8.39603854E-02   5.65670149E-02   5.79336753E-02
         8   1.79663888E-04   2.27907153E-04   1.72477332E-02   2.18790866E-02   1.41367898E-04   1.80177898E-04   1.35713182E-02   1.72970782E-02   1.62779008E-01   1.65466680E-01   1.11562601E-01   1.14160328E-01   4.85831387E-03   6.16286610E-03   4.66398132E-01   5.91635145E-01   3.82274719E-03   4.87221329E-03   3.66983730E-01   4.67732476E-01   8.20080705E-02   8.33621194E-02   5.62052424E-02   5.75139776E-02
         9   1.74472565E-04   2.20673577E-04   1.67493662E-02   2.11846634E-02   1.37252999E-04   1.76587872E-04   1.31762879E-02   1.69524357E-02   1.64049499E-01   1.66702213E-01   1.12298443E-01   1.14926108E-01   4.71793467E-03   5.96726207E-03   4.52921728E-01   5.72857158E-01   3.71147568E-03   4.77513496E-03   3.56301666E-01   4.58412956E-01   8.26481437E-02   8.39845810E-02   5.65759598E-02   5.78997776E-02
        10   1.85685555E-04   2.33610310E-04   1.78258133E-02   2.24265898E-02   1.47805266E-04   1.83957477E-04   1.41893056E-02   1.76599178E-02   1.63650752E-01   1.66302920E-01   1.12151022E-01   1.14770992E-01   5.02114654E-03   6.31708590E-03   4.82030068E-01   6.06440247E-01   3.99682087E-03   4.97441736E-03   3.83694804E-01   4.77544066E-01   8.24472549E-02   8.37834174E-02   5.65016892E-02   5.78216300E-02
