################################################################################
# Learning curves for energies and forces.
################################################################################
# Col  Name             Description
################################################################################
# 1    epoch            Current epoch.
# 2    RMSEpa_Etrain_pu RMSE of training energies per atom (physical units)
# 3    RMSEpa_Etest_pu  RMSE of test energies per atom (physical units)
# 4    RMSE_Etrain_pu   RMSE of training energies (physical units)
# 5    RMSE_Etest_pu    RMSE of test energies (physical units)
# 6    MAEpa_Etrain_pu  MAE of training energies per atom (physical units)
# 7    MAEpa_Etest_pu   MAE of test energies per atom (physical units)
# 8    MAE_Etrain_pu    MAE of training energies (physical units)
# 9    MAE_Etest_pu     MAE of test energies (physical units)
# 10   RMSE_Ftrain_pu   RMSE of training forces (physical units)
# 11   RMSE_Ftest_pu    RMSE of test forces (physical units)
# 12   MAE_Ftrain_pu    MAE of training forces (physical units)
# 13   MAE_Ftest_pu     MAE of test forces (physical units)
# 14   RMSEpa_Etrain_iu RMSE of training energies per atom (training units)
# 15   RMSEpa_Etest_iu  RMSE of test energies per atom (training units)
# 16   RMSE_Etrain_iu   RMSE of training energies (training units)
# 17   RMSE_Etest_iu    RMSE of test energies (training units)
# 18   MAEpa_Etrain_iu  MAE of training energies per atom (training units)
# 19   MAEpa_Etest_iu   MAE of test energies per atom (training units)
# 20   MAE_Etrain_iu    MAE of training energies (training units)
# 21   MAE_Etest_iu     MAE of test energies (training units)
# 22   RMSE_Ftrain_iu   RMSE of training forces (training units)
# 23   RMSE_Ftest_iu    RMSE of test forces (training units)
# 24   MAE_Ftrain_iu    MAE of training forces (training units)
# 25   MAE_Ftest_iu     MAE of test forces (training units)
##################################################################################################################################################################################################################################################################################################################################################################################################################################
#        1                2                3                4                5                6                7                8                9               10               11               12               13               14               15               16               17               18               19               20               21               22               23               24               25
#    epoch RMSEpa_Etrain_pu  RMSEpa_Etest_pu   RMSE_Etrain_pu    RMSE_Etest_pu  MAEpa_Etrain_pu   MAEpa_Etest_pu    MAE_Etrain_pu     MAE_Etest_pu   RMSE_Ftrain_pu    RMSE_Ftest_pu    MAE_Ftrain_pu     MAE_Ftest_pu RMSEpa_Etrain_iu  RMSEpa_Etest_iu   RMSE_Etrain_iu    RMSE_Etest_iu  MAEpa_Etrain_iu   MAEpa_Etest_iu    MAE_Etrain_iu     MAE_Etest_iu   RMSE_Ftrain_iu    RMSE_Ftest_iu    MAE_Ftrain_iu     MAE_Ftest_iu
##################################################################################################################################################################################################################################################################################################################################################################################################################################
         0   3.39635998E-01   3.40748138E-01   3.26050558E+01   3.27118212E+01   3.38362627E-01   3.39526053E-01   3.24828122E+01   3.25945011E+01   1.86033249E+00   1.86490701E+00   1.44061282E+00   1.44606246E+00   5.44335252E+00   5.46117681E+00   5.22561842E+02   5.24272974E+02   5.42294419E+00   5.44159044E+00   5.20602642E+02   5.22392682E+02   9.37235579E-01   9.39540223E-01   7.25780794E-01   7.28526320E-01
         1   1.43964864E-03   1.55085388E-03   1.38206269E-01   1.48881973E-01   1.11839574E-03   1.17362267E-03   1.07365991E-01   1.12667776E-01   2.84076350E-01   2.89633225E-01   1.99636515E-01   2.04115186E-01   2.30732758E-02   2.48555643E-02   2.21503448E+00   2.38613417E+00   1.79245495E-02   1.88096726E-02   1.72075675E+00   1.80572857E+00   1.43117676E-01   1.45917229E-01   1.00576884E-01   1.02833238E-01
         2   1.10994297E-03   1.24387650E-03   1.06554525E-01   1.19412144E-01   8.06251649E-04   8.80859059E-04   7.74001583E-02   8.45624697E-02   2.69704364E-01   2.75593702E-01   1.89433584E-01   1.93577638E-01   1.77890769E-02   1.99356320E-02   1.70775138E+00   1.91382068E+00   1.29218103E-02   1.41175447E-02   1.24049379E+00   1.35528429E+00   1.35877069E-01   1.38844118E-01   9.54366469E-02   9.75244213E-02
         3   8.57716121E-04   9.36339894E-04   8.23407476E-02   8.98886298E-02   6.32310011E-04   6.85769318E-04   6.07017610E-02   6.58338545E-02   2.80525937E-01   2.87025052E-01   1.96015652E-01   2.01014468E-01   1.37466324E-02   1.50067371E-02   1.31967671E+00   1.44064676E+00   1.01340444E-02   1.09908378E-02   9.72868266E-01   1.05512042E+00   1.41328978E-01   1.44603232E-01   9.87526927E-02   1.01271097E-01
         4   7.95057337E-04   9.11663303E-04   7.63255044E-02   8.75196770E-02   6.07707537E-04   6.91876127E-04   5.83399235E-02   6.64201082E-02   2.90552548E-01   2.97560900E-01   2.01877725E-01   2.07366013E-01   1.27423989E-02   1.46112449E-02   1.22327029E+00   1.40267951E+00   9.73974012E-03   1.10887117E-02   9.35015052E-01   1.06451632E+00   1.46380385E-01   1.49911193E-01   1.01706005E-01   1.04471005E-01
         5   7.13795529E-04   8.22695748E-04   6.85243708E-02   7.89787918E-02   5.40387676E-04   6.17396506E-04   5.18772169E-02   5.92700645E-02   2.94604480E-01   3.01351891E-01   2.04543088E-01   2.09611295E-01   1.14400144E-02   1.31853602E-02   1.09824138E+00   1.26579458E+00   8.66080344E-03   9.89502541E-03   8.31437130E-01   9.49922439E-01   1.48421748E-01   1.51821094E-01   1.03048815E-01   1.05602178E-01
         6   6.80697810E-04   8.09967533E-04   6.53469898E-02   7.77568832E-02   5.25898322E-04   6.19761789E-04   5.04862389E-02   5.94971317E-02   2.97660524E-01   3.04586133E-01   2.06319335E-01   2.11608890E-01   1.09095566E-02   1.29813649E-02   1.04731743E+00   1.24621103E+00   8.42858230E-03   9.93293385E-03   8.09143900E-01   9.53561649E-01   1.49961383E-01   1.53450505E-01   1.03943688E-01   1.06608567E-01
         7   6.88271316E-04   8.17878588E-04   6.60740463E-02   7.85163445E-02   5.24033962E-04   6.13726514E-04   5.03072604E-02   5.89177453E-02   3.04147611E-01   3.11342118E-01   2.09659029E-01   2.14981410E-01   1.10309373E-02   1.31081555E-02   1.05896998E+00   1.25838293E+00   8.39870217E-03   9.83620638E-03   8.06275408E-01   9.44275812E-01   1.53229578E-01   1.56854171E-01   1.05626227E-01   1.08307643E-01
         8   6.66829101E-04   7.72358163E-04   6.40155937E-02   7.41463837E-02   5.14560565E-04   5.95300160E-04   4.93978142E-02   5.71488154E-02   3.05446236E-01   3.12507997E-01   2.11005995E-01   2.16160865E-01   1.06872825E-02   1.23785988E-02   1.02597912E+00   1.18834549E+00   8.24687184E-03   9.54088686E-03   7.91699697E-01   9.15925138E-01   1.53883825E-01   1.57441540E-01   1.06304828E-01   1.08901852E-01
         9   8.07486590E-04   8.74760676E-04   7.75187126E-02   8.39770249E-02   6.15109053E-04   6.66742476E-04   5.90504691E-02   6.40072777E-02   3.05300115E-01   3.12336377E-01   2.10894590E-01   2.16110206E-01   1.29416028E-02   1.40198058E-02   1.24239387E+00   1.34590136E+00   9.85836436E-03   1.06858942E-02   9.46402978E-01   1.02584584E+00   1.53810209E-01   1.57355078E-01   1.06248702E-01   1.08876330E-01
        10   6.24739099E-04   7.41022140E-04   5.99749535E-02   7.11381254E-02   4.81247516E-04   5.64444435E-04   4.61997615E-02   5.41866657E-02   3.09174841E-01   3.16709370E-01   2.13447516E-01   2.18649742E-01   1.00127053E-02   1.18763758E-02   9.61219707E-01   1.14013207E+00   7.71296299E-03   9.04636157E-03   7.40444447E-01   8.68450711E-01   1.55762296E-01   1.59558193E-01   1.07534866E-01   1.10155748E-01
