################################################################################
# Learning curves for energies and forces.
################################################################################
# Col  Name             Description
################################################################################
# 1    epoch            Current epoch.
# 2    RMSEpa_Etrain_pu RMSE of training energies per atom (physical units)
# 3    RMSEpa_Etest_pu  RMSE of test energies per atom (physical units)
# 4    RMSE_Etrain_pu   RMSE of training energies (physical units)
# 5    RMSE_Etest_pu    RMSE of test energies (physical units)
# 6    MAEpa_Etrain_pu  MAE of training energies per atom (physical units)
# 7    MAEpa_Etest_pu   MAE of test energies per atom (physical units)
# 8    MAE_Etrain_pu    MAE of training energies (physical units)
# 9    MAE_Etest_pu     MAE of test energies (physical units)
# 10   RMSE_Ftrain_pu   RMSE of training forces (physical units)
# 11   RMSE_Ftest_pu    RMSE of test forces (physical units)
# 12   MAE_Ftrain_pu    MAE of training forces (physical units)
# 13   MAE_Ftest_pu     MAE of test forces (physical units)
# 14   RMSEpa_Etrain_iu RMSE of training energies per atom (training units)
# 15   RMSEpa_Etest_iu  RMSE of test energies per atom (training units)
# 16   RMSE_Etrain_iu   RMSE of training energies (training units)
# 17   RMSE_Etest_iu    RMSE of test energies (training units)
# 18   MAEpa_Etrain_iu  MAE of training energies per atom (training units)
# 19   MAEpa_Etest_iu   MAE of test energies per atom (training units)
# 20   MAE_Etrain_iu    MAE of training energies (training units)
# 21   MAE_Etest_iu     MAE of test energies (training units)
# 22   RMSE_Ftrain_iu   RMSE of training forces (training units)
# 23   RMSE_Ftest_iu    RMSE of test forces (training units)
# 24   MAE_Ftrain_iu    MAE of training forces (training units)
# 25   MAE_Ftest_iu     MAE of test forces (training units)
##################################################################################################################################################################################################################################################################################################################################################################################################################################
#        1                2                3                4                5                6                7                8                9               10               11               12               13               14               15               16               17               18               19               20               21               22               23               24               25
#    epoch RMSEpa_Etrain_pu  RMSEpa_Etest_pu   RMSE_Etrain_pu    RMSE_Etest_pu  MAEpa_Etrain_pu   MAEpa_Etest_pu    MAE_Etrain_pu     MAE_Etest_pu   RMSE_Ftrain_pu    RMSE_Ftest_pu    MAE_Ftrain_pu     MAE_Ftest_pu RMSEpa_Etrain_iu  RMSEpa_Etest_iu   RMSE_Etrain_iu    RMSE_Etest_iu  MAEpa_Etrain_iu   MAEpa_Etest_iu    MAE_Etrain_iu     MAE_Etest_iu   RMSE_Ftrain_iu    RMSE_Ftest_iu    MAE_Ftrain_iu     MAE_Ftest_iu
##################################################################################################################################################################################################################################################################################################################################################################################################################################
         0   1.72489727E-01   1.66814236E-01   1.65590138E+01   1.60141667E+01   1.44615220E-01   1.38035205E-01   1.38830611E+01   1.32513797E+01   3.18739162E+00   3.20995363E+00   2.40632713E+00   2.41609264E+00   2.98313576E+00   2.88498059E+00   2.86381033E+02   2.76958137E+02   2.50105814E+00   2.38725960E+00   2.40101581E+02   2.29176921E+02   1.60580802E+00   1.61717476E+00   1.21230770E+00   1.21722756E+00
         1   1.21186574E-03   1.22221056E-03   1.16339111E-01   1.17332213E-01   1.03023269E-03   1.02899224E-03   9.89023386E-02   9.87832547E-02   2.02574481E-01   2.06435108E-01   1.40991066E-01   1.44583237E-01   2.09586976E-02   2.11376068E-02   2.01203497E+00   2.02921025E+00   1.78174321E-02   1.77959789E-02   1.71047348E+00   1.70841398E+00   1.02057031E-01   1.04002015E-01   7.10313043E-02   7.28410404E-02
         2   6.44064659E-04   7.66375548E-04   6.18302072E-02   7.35720526E-02   4.56318092E-04   5.11658615E-04   4.38065368E-02   4.91192270E-02   1.81707225E-01   1.86387807E-01   1.25895104E-01   1.29508605E-01   1.11388217E-02   1.32541361E-02   1.06932689E+00   1.27239706E+00   7.89182547E-03   8.84891605E-03   7.57615245E-01   8.49495941E-01   9.15441068E-02   9.39021840E-02   6.34259582E-02   6.52464400E-02
         3   4.40201962E-04   5.10839411E-04   4.22593884E-02   4.90405835E-02   3.31688976E-04   3.83692711E-04   3.18421417E-02   3.68345003E-02   1.81346406E-01   1.85608717E-01   1.26661112E-01   1.30231053E-01   7.61310393E-03   8.83474828E-03   7.30857977E-01   8.48135835E-01   5.73641843E-03   6.63580070E-03   5.50696169E-01   6.37036867E-01   9.13623264E-02   9.35096785E-02   6.38118731E-02   6.56104095E-02
         4   3.89069287E-04   4.48909685E-04   3.73506516E-02   4.30953298E-02   3.01335883E-04   3.48171426E-04   2.89282447E-02   3.34244569E-02   1.85471108E-01   1.89897593E-01   1.29088698E-01   1.32665680E-01   6.72878627E-03   7.76370025E-03   6.45963482E-01   7.45315224E-01   5.21147471E-03   6.02147533E-03   5.00301572E-01   5.78061631E-01   9.34403514E-02   9.56704147E-02   6.50348908E-02   6.68369747E-02
         5   3.74486504E-04   4.36391261E-04   3.59507044E-02   4.18935611E-02   2.86630434E-04   3.25293242E-04   2.75165217E-02   3.12281512E-02   1.87303316E-01   1.91406454E-01   1.30100380E-01   1.33623526E-01   6.47658330E-03   7.54719949E-03   6.21751997E-01   7.24531151E-01   4.95715029E-03   5.62580695E-03   4.75886428E-01   5.40077467E-01   9.43634174E-02   9.64305787E-02   6.55445765E-02   6.73195375E-02
         6   3.22527845E-04   3.69155665E-04   3.09626731E-02   3.54389438E-02   2.48855809E-04   2.88531711E-04   2.38901577E-02   2.76990443E-02   1.88725330E-01   1.92858359E-01   1.30694748E-01   1.34327044E-01   5.57798059E-03   6.38438872E-03   5.35486137E-01   6.12901317E-01   4.30385437E-03   4.99003206E-03   4.13170019E-01   4.79043077E-01   9.50798285E-02   9.71620485E-02   6.58440191E-02   6.76739699E-02
         7   3.07583696E-04   3.69041957E-04   2.95280348E-02   3.54280278E-02   2.38315153E-04   2.83589330E-04   2.28782547E-02   2.72245757E-02   1.88921214E-01   1.92974504E-01   1.30977364E-01   1.34466967E-01   5.31952795E-03   6.38242218E-03   5.10674683E-01   6.12712530E-01   4.12155824E-03   4.90455571E-03   3.95669591E-01   4.70837348E-01   9.51785145E-02   9.72205625E-02   6.59864011E-02   6.77444628E-02
         8   3.03250165E-04   3.49652698E-04   2.91120159E-02   3.35666591E-02   2.37677553E-04   2.78232150E-04   2.28170451E-02   2.67102864E-02   1.90287840E-01   1.94428497E-01   1.32019221E-01   1.35514573E-01   5.24458141E-03   6.04709329E-03   5.03479815E-01   5.80520956E-01   4.11053123E-03   4.81190557E-03   3.94610998E-01   4.61942935E-01   9.58670211E-02   9.79530839E-02   6.65112882E-02   6.82722470E-02
         9   3.17949752E-04   3.67922180E-04   3.05231762E-02   3.53205293E-02   2.46120750E-04   2.81758612E-04   2.36275920E-02   2.70488268E-02   1.91236717E-01   1.95223643E-01   1.32674746E-01   1.36214067E-01   5.49880444E-03   6.36305613E-03   5.27885226E-01   6.10853389E-01   4.25655269E-03   4.87289422E-03   4.08629058E-01   4.67797845E-01   9.63450653E-02   9.83536784E-02   6.68415419E-02   6.86246519E-02
        10   2.95379771E-04   3.39438836E-04   2.83564581E-02   3.25861282E-02   2.30994408E-04   2.64191271E-04   2.21754631E-02   2.53623620E-02   1.91121920E-01   1.95067796E-01   1.32747677E-01   1.36257773E-01   5.10846632E-03   5.87044892E-03   4.90412767E-01   5.63563096E-01   3.99494910E-03   4.56907460E-03   3.83515114E-01   4.38631161E-01   9.62872302E-02   9.82751629E-02   6.68782847E-02   6.86466713E-02
