################################################################################
# Learning curves for energies and forces.
################################################################################
# Col  Name             Description
################################################################################
# 1    epoch            Current epoch.
# 2    RMSEpa_Etrain_pu RMSE of training energies per atom (physical units)
# 3    RMSEpa_Etest_pu  RMSE of test energies per atom (physical units)
# 4    RMSE_Etrain_pu   RMSE of training energies (physical units)
# 5    RMSE_Etest_pu    RMSE of test energies (physical units)
# 6    MAEpa_Etrain_pu  MAE of training energies per atom (physical units)
# 7    MAEpa_Etest_pu   MAE of test energies per atom (physical units)
# 8    MAE_Etrain_pu    MAE of training energies (physical units)
# 9    MAE_Etest_pu     MAE of test energies (physical units)
# 10   RMSE_Ftrain_pu   RMSE of training forces (physical units)
# 11   RMSE_Ftest_pu    RMSE of test forces (physical units)
# 12   MAE_Ftrain_pu    MAE of training forces (physical units)
# 13   MAE_Ftest_pu     MAE of test forces (physical units)
# 14   RMSEpa_Etrain_iu RMSE of training energies per atom (training units)
# 15   RMSEpa_Etest_iu  RMSE of test energies per atom (training units)
# 16   RMSE_Etrain_iu   RMSE of training energies (training units)
# 17   RMSE_Etest_iu    RMSE of test energies (training units)
# 18   MAEpa_Etrain_iu  MAE of training energies per atom (training units)
# 19   MAEpa_Etest_iu   MAE of test energies per atom (training units)
# 20   MAE_Etrain_iu    MAE of training energies (training units)
# 21   MAE_Etest_iu     MAE of test energies (training units)
# 22   RMSE_Ftrain_iu   RMSE of training forces (training units)
# 23   RMSE_Ftest_iu    RMSE of test forces (training units)
# 24   MAE_Ftrain_iu    MAE of training forces (training units)
# 25   MAE_Ftest_iu     MAE of test forces (training units)
##################################################################################################################################################################################################################################################################################################################################################################################################################################
#        1                2                3                4                5                6                7                8                9               10               11               12               13               14               15               16               17               18               19               20               21               22               23               24               25
#    epoch RMSEpa_Etrain_pu  RMSEpa_Etest_pu   RMSE_Etrain_pu    RMSE_Etest_pu  MAEpa_Etrain_pu   MAEpa_Etest_pu    MAE_Etrain_pu     MAE_Etest_pu   RMSE_Ftrain_pu    RMSE_Ftest_pu    MAE_Ftrain_pu     MAE_Ftest_pu RMSEpa_Etrain_iu  RMSEpa_Etest_iu   RMSE_Etrain_iu    RMSE_Etest_iu  MAEpa_Etrain_iu   MAEpa_Etest_iu    MAE_Etrain_iu     MAE_Etest_iu   RMSE_Ftrain_iu    RMSE_Ftest_iu    MAE_Ftrain_iu     MAE_Ftest_iu
##################################################################################################################################################################################################################################################################################################################################################################################################################################
         0   1.55127832E-01   1.50932799E-01   1.48922718E+01   1.44895487E+01   1.44580225E-01   1.40278674E-01   1.38797016E+01   1.34667527E+01   2.30781536E+00   2.35086127E+00   1.72699107E+00   1.75674817E+00   3.58638501E+00   3.48940047E+00   3.44292961E+02   3.34982445E+02   3.34253594E+00   3.24308880E+00   3.20883450E+02   3.11336525E+02   1.16267746E+00   1.18436400E+00   8.70058165E-01   8.85049796E-01
         1   4.77193776E-04   5.70043408E-04   4.58106025E-02   5.47241671E-02   3.38172140E-04   4.08389527E-04   3.24645254E-02   3.92053946E-02   1.43591254E-01   1.45602142E-01   1.00603025E-01   1.02498938E-01   1.10321958E-02   1.31787772E-02   1.05909079E+00   1.26516261E+00   7.81816829E-03   9.44151714E-03   7.50544156E-01   9.06385645E-01   7.23412792E-02   7.33543648E-02   5.06838080E-02   5.16389686E-02
         2   2.72670872E-04   3.28790429E-04   2.61764037E-02   3.15638811E-02   1.96024003E-04   2.24454554E-04   1.88183042E-02   2.15476372E-02   1.17333064E-01   1.19537194E-01   8.21101762E-02   8.40084243E-02   6.30385094E-03   7.60127343E-03   6.05169691E-01   7.29722250E-01   4.53185955E-03   5.18914266E-03   4.35058517E-01   4.98157696E-01   5.91124020E-02   6.02228428E-02   4.13671099E-02   4.23234473E-02
         3   2.27175055E-04   2.57406831E-04   2.18088053E-02   2.47110558E-02   1.68033135E-04   1.83297141E-04   1.61311809E-02   1.75965255E-02   1.17127721E-01   1.19547571E-01   8.19770046E-02   8.40605046E-02   5.25203765E-03   5.95096310E-03   5.04195614E-01   5.71292458E-01   3.88474144E-03   4.23762849E-03   3.72935178E-01   4.06812335E-01   5.90089501E-02   6.02280709E-02   4.13000180E-02   4.23496854E-02
         4   1.35011500E-04   1.65836366E-04   1.29611040E-02   1.59202912E-02   1.05758084E-04   1.24823311E-04   1.01527760E-02   1.19830379E-02   1.16636471E-01   1.18982131E-01   8.18411102E-02   8.39224078E-02   3.12131753E-03   3.83395457E-03   2.99646483E-01   3.68059639E-01   2.44501069E-03   2.88577780E-03   2.34721026E-01   2.77034669E-01   5.87614585E-02   5.99432020E-02   4.12315544E-02   4.22801122E-02
         5   1.11795282E-04   1.38405083E-04   1.07323471E-02   1.32868880E-02   8.82861913E-05   1.06623374E-04   8.47547437E-03   1.02358439E-02   1.16951938E-01   1.19332356E-01   8.21312312E-02   8.42751082E-02   2.58458409E-03   3.19977345E-03   2.48120073E-01   3.07178251E-01   2.04107973E-03   2.46501524E-03   1.95943655E-01   2.36641463E-01   5.89203906E-02   6.01196452E-02   4.13777174E-02   4.24578027E-02
         6   1.04655095E-04   1.31566315E-04   1.00468891E-02   1.26303663E-02   8.21664988E-05   9.87923125E-05   7.88798388E-03   9.48406200E-03   1.17291035E-01   1.19704302E-01   8.23885378E-02   8.45428073E-02   2.41951080E-03   3.04166865E-03   2.32273037E-01   2.92000190E-01   1.89959917E-03   2.28396971E-03   1.82361520E-01   2.19261092E-01   5.90912276E-02   6.03070321E-02   4.15073485E-02   4.25926695E-02
         7   1.02173268E-04   1.25122581E-04   9.80863376E-03   1.20117677E-02   8.15467559E-05   9.76481488E-05   7.82848857E-03   9.37422228E-03   1.17682139E-01   1.20157369E-01   8.26613425E-02   8.48325272E-02   2.36213370E-03   2.89269658E-03   2.26764835E-01   2.77698872E-01   1.88527139E-03   2.25751790E-03   1.80986054E-01   2.16721719E-01   5.92882659E-02   6.05352870E-02   4.16447875E-02   4.27386304E-02
         8   1.01380888E-04   1.28134222E-04   9.73256526E-03   1.23008853E-02   7.99695982E-05   9.96297501E-05   7.67708143E-03   9.56445601E-03   1.17808769E-01   1.20237053E-01   8.27058005E-02   8.48500883E-02   2.34381474E-03   2.96232242E-03   2.25006215E-01   2.84382953E-01   1.84880924E-03   2.30333035E-03   1.77485687E-01   2.21119714E-01   5.93520623E-02   6.05754316E-02   4.16671854E-02   4.27474777E-02
         9   9.68118269E-05   1.19647432E-04   9.29393538E-03   1.14861535E-02   7.65027703E-05   9.23115108E-05   7.34426595E-03   8.86190503E-03   1.17722742E-01   1.20125649E-01   8.26821022E-02   8.48118488E-02   2.23818306E-03   2.76611717E-03   2.14865574E-01   2.65547248E-01   1.76865999E-03   2.13414070E-03   1.69791359E-01   2.04877507E-01   5.93087216E-02   6.05193064E-02   4.16552462E-02   4.27282126E-02
        10   9.03133009E-05   1.15931984E-04   8.67007689E-03   1.11294705E-02   7.15549055E-05   8.92939337E-05   6.86927093E-03   8.57221763E-03   1.17673762E-01   1.20050585E-01   8.26660257E-02   8.47862992E-02   2.08794428E-03   2.68022009E-03   2.00442651E-01   2.57301129E-01   1.65427079E-03   2.06437763E-03   1.58809996E-01   1.98180253E-01   5.92840458E-02   6.04814893E-02   4.16471468E-02   4.27153407E-02
